0 info it worked if it ends with ok
1 verbose cli [ 'C:\\Users\\JosephMatthew\\AppData\\Local\\atom\\app-0.202.0\\resources\\app\\apm\\bin\\\\node.exe',
1 verbose cli   'C:\\Users\\JosephMatthew\\AppData\\Local\\atom\\app-0.202.0\\resources\\app\\apm\\node_modules\\npm\\bin\\npm-cli.js',
1 verbose cli   '--globalconfig',
1 verbose cli   'C:\\Users\\JosephMatthew\\.atom\\.apm\\.apmrc',
1 verbose cli   '--userconfig',
1 verbose cli   'C:\\Users\\JosephMatthew\\.atom\\.apmrc',
1 verbose cli   'install',
1 verbose cli   '--target=0.22.0',
1 verbose cli   '--arch=ia32' ]
2 info using npm@2.5.1
3 info using node@v0.10.35
4 verbose node symlink C:\Users\JosephMatthew\AppData\Local\atom\app-0.202.0\resources\app\apm\bin\\node.exe
5 error install Couldn't read dependencies
6 verbose stack Error: ENOENT, open 'C:\Users\JosephMatthew\Documents\Academics\CMSC22\cmsc-22-project\package.json'
7 verbose cwd C:\Users\JosephMatthew\Documents\Academics\CMSC22\cmsc-22-project
8 error Windows_NT 6.2.9200
9 error argv "C:\\Users\\JosephMatthew\\AppData\\Local\\atom\\app-0.202.0\\resources\\app\\apm\\bin\\\\node.exe" "C:\\Users\\JosephMatthew\\AppData\\Local\\atom\\app-0.202.0\\resources\\app\\apm\\node_modules\\npm\\bin\\npm-cli.js" "--globalconfig" "C:\\Users\\JosephMatthew\\.atom\\.apm\\.apmrc" "--userconfig" "C:\\Users\\JosephMatthew\\.atom\\.apmrc" "install" "--target=0.22.0" "--arch=ia32"
10 error node v0.10.35
11 error npm  v2.5.1
12 error path C:\Users\JosephMatthew\Documents\Academics\CMSC22\cmsc-22-project\package.json
13 error code ENOPACKAGEJSON
14 error errno 34
15 error package.json ENOENT, open 'C:\Users\JosephMatthew\Documents\Academics\CMSC22\cmsc-22-project\package.json'
15 error package.json This is most likely not a problem with npm itself.
15 error package.json npm can't find a package.json file in your current directory.
16 verbose exit [ 34, true ]
